2021-06-23 14:36:09,166 INFO [main] c.v.s.l.SpringbootLoggingApplication [StartupInfoLogger.java:55] Starting SpringbootLoggingApplication using Java 15.0.2 on LAPTOP-BBTIIUVP with PID 4700 (C:\Users\shashi\Documents\workspace-spring-tool-suite-4-4.10.0.RELEASE\springboot-logging\target\classes started by shashi in C:\Users\shashi\Documents\workspace-spring-tool-suite-4-4.10.0.RELEASE\springboot-logging)
2021-06-23 14:36:09,169 INFO [main] c.v.s.l.SpringbootLoggingApplication [SpringApplication.java:659] No active profile set, falling back to default profiles: default
2021-06-23 14:36:10,100 INFO [main] o.s.b.w.e.t.TomcatWebServer [TomcatWebServer.java:108] Tomcat initialized with port(s): 8082 (http)
2021-06-23 14:36:10,109 INFO [main] o.a.c.h.Http11NioProtocol [DirectJDKLog.java:173] Initializing ProtocolHandler ["http-nio-8082"]
2021-06-23 14:36:10,110 INFO [main] o.a.c.c.StandardService [DirectJDKLog.java:173] Starting service [Tomcat]
2021-06-23 14:36:10,111 INFO [main] o.a.c.c.StandardEngine [DirectJDKLog.java:173] Starting Servlet engine: [Apache Tomcat/9.0.46]
2021-06-23 14:36:10,195 INFO [main] o.a.c.c.C.[.[.[/] [DirectJDKLog.java:173] Initializing Spring embedded WebApplicationContext
2021-06-23 14:36:10,195 INFO [main] o.s.b.w.s.c.ServletWebServerApplicationContext [ServletWebServerApplicationContext.java:290] Root WebApplicationContext: initialization completed in 958 ms
2021-06-23 14:36:10,534 INFO [main] o.a.c.h.Http11NioProtocol [DirectJDKLog.java:173] Starting ProtocolHandler ["http-nio-8082"]
2021-06-23 14:36:10,559 INFO [main] o.s.b.w.e.t.TomcatWebServer [TomcatWebServer.java:220] Tomcat started on port(s): 8082 (http) with context path ''
2021-06-23 14:36:10,567 INFO [main] c.v.s.l.SpringbootLoggingApplication [StartupInfoLogger.java:61] Started SpringbootLoggingApplication in 1.81 seconds (JVM running for 3.125)
2021-06-23 14:37:24,863 INFO [http-nio-8082-exec-1] o.a.c.c.C.[.[.[/] [DirectJDKLog.java:173] Initializing Spring DispatcherServlet 'dispatcherServlet'
2021-06-23 14:37:24,864 INFO [http-nio-8082-exec-1] o.s.w.s.DispatcherServlet [FrameworkServlet.java:525] Initializing Servlet 'dispatcherServlet'
2021-06-23 14:37:24,865 INFO [http-nio-8082-exec-1] o.s.w.s.DispatcherServlet [FrameworkServlet.java:547] Completed initialization in 1 ms
2021-06-23 14:38:15,038 INFO [RMI TCP Connection(10)-127.0.0.1] o.s.b.a.SpringApplicationAdminMXBeanRegistrar$SpringApplicationAdmin [SpringApplicationAdminMXBeanRegistrar.java:159] Application shutdown requested.
2021-06-23 14:39:26,611 INFO [main] c.v.s.l.SpringbootLoggingApplication [StartupInfoLogger.java:55] Starting SpringbootLoggingApplication using Java 15.0.2 on LAPTOP-BBTIIUVP with PID 5404 (C:\Users\shashi\Documents\workspace-spring-tool-suite-4-4.10.0.RELEASE\springboot-logging\target\classes started by shashi in C:\Users\shashi\Documents\workspace-spring-tool-suite-4-4.10.0.RELEASE\springboot-logging)
2021-06-23 14:39:26,615 INFO [main] c.v.s.l.SpringbootLoggingApplication [SpringApplication.java:659] No active profile set, falling back to default profiles: default
2021-06-23 14:39:27,475 INFO [main] o.s.b.w.e.t.TomcatWebServer [TomcatWebServer.java:108] Tomcat initialized with port(s): 8082 (http)
2021-06-23 14:39:27,483 INFO [main] o.a.c.h.Http11NioProtocol [DirectJDKLog.java:173] Initializing ProtocolHandler ["http-nio-8082"]
2021-06-23 14:39:27,484 INFO [main] o.a.c.c.StandardService [DirectJDKLog.java:173] Starting service [Tomcat]
2021-06-23 14:39:27,484 INFO [main] o.a.c.c.StandardEngine [DirectJDKLog.java:173] Starting Servlet engine: [Apache Tomcat/9.0.46]
2021-06-23 14:39:27,566 INFO [main] o.a.c.c.C.[.[.[/] [DirectJDKLog.java:173] Initializing Spring embedded WebApplicationContext
2021-06-23 14:39:27,567 INFO [main] o.s.b.w.s.c.ServletWebServerApplicationContext [ServletWebServerApplicationContext.java:290] Root WebApplicationContext: initialization completed in 896 ms
2021-06-23 14:39:27,907 INFO [main] o.a.c.h.Http11NioProtocol [DirectJDKLog.java:173] Starting ProtocolHandler ["http-nio-8082"]
2021-06-23 14:39:27,931 INFO [main] o.s.b.w.e.t.TomcatWebServer [TomcatWebServer.java:220] Tomcat started on port(s): 8082 (http) with context path ''
2021-06-23 14:39:27,940 INFO [main] c.v.s.l.SpringbootLoggingApplication [StartupInfoLogger.java:61] Started SpringbootLoggingApplication in 1.725 seconds (JVM running for 2.676)
2021-06-23 14:55:37,505 INFO [RMI TCP Connection(23)-127.0.0.1] o.s.b.a.SpringApplicationAdminMXBeanRegistrar$SpringApplicationAdmin [SpringApplicationAdminMXBeanRegistrar.java:159] Application shutdown requested.
